# JRE version: OpenJDK Runtime Environment (8.0_181-b13) (build 1.8.0_181-8u181-b13-0ubuntu0.16.04.1-b13)
# Java VM: OpenJDK 64-Bit Server VM (25.181-b13 mixed mode linux-amd64 compressed oops)
Heap:
 PSYoungGen      total 305664K, used 180492K [0x00000000d5580000, 0x00000000faa80000, 0x0000000100000000)
  eden space 262144K, 68% used [0x00000000d5580000,0x00000000e05c3380,0x00000000e5580000)
  from space 43520K, 0% used [0x00000000e5580000,0x00000000e5580000,0x00000000e8000000)
  to   space 43520K, 0% used [0x00000000f8000000,0x00000000f8000000,0x00000000faa80000)
 ParOldGen       total 699392K, used 83904K [0x0000000080000000, 0x00000000aab00000, 0x00000000d5580000)
  object space 699392K, 11% used [0x0000000080000000,0x00000000851f00c0,0x00000000aab00000)
 Metaspace       used 33836K, capacity 34048K, committed 34352K, reserved 1079296K
  class space    used 5023K, capacity 5119K, committed 5168K, reserved 1048576K
GC Heap History (4 events):
Event: 7.115 GC heap before
{Heap before GC invocations=1 (full 0):
 PSYoungGen      total 305664K, used 236942K [0x00000000d5580000, 0x00000000eaa80000, 0x0000000100000000)
  eden space 262144K, 90% used [0x00000000d5580000,0x00000000e3ce3840,0x00000000e5580000)
  from space 43520K, 0% used [0x00000000e8000000,0x00000000e8000000,0x00000000eaa80000)
  to   space 43520K, 0% used [0x00000000e5580000,0x00000000e5580000,0x00000000e8000000)
 ParOldGen       total 699392K, used 0K [0x0000000080000000, 0x00000000aab00000, 0x00000000d5580000)
  object space 699392K, 0% used [0x0000000080000000,0x0000000080000000,0x00000000aab00000)
 Metaspace       used 20609K, capacity 21156K, committed 21296K, reserved 1067008K
  class space    used 3054K, capacity 3088K, committed 3120K, reserved 1048576K
Event: 7.283 GC heap after
Heap after GC invocations=1 (full 0):
 PSYoungGen      total 305664K, used 43488K [0x00000000d5580000, 0x00000000faa80000, 0x0000000100000000)
  eden space 262144K, 0% used [0x00000000d5580000,0x00000000d5580000,0x00000000e5580000)
  from space 43520K, 99% used [0x00000000e5580000,0x00000000e7ff8300,0x00000000e8000000)
  to   space 43520K, 0% used [0x00000000f8000000,0x00000000f8000000,0x00000000faa80000)
 ParOldGen       total 699392K, used 41348K [0x0000000080000000, 0x00000000aab00000, 0x00000000d5580000)
  object space 699392K, 5% used [0x0000000080000000,0x00000000828612b8,0x00000000aab00000)
 Metaspace       used 20609K, capacity 21156K, committed 21296K, reserved 1067008K
  class space    used 3054K, capacity 3088K, committed 3120K, reserved 1048576K
}
Event: 7.283 GC heap before
{Heap before GC invocations=2 (full 1):
 PSYoungGen      total 305664K, used 43488K [0x00000000d5580000, 0x00000000faa80000, 0x0000000100000000)
  eden space 262144K, 0% used [0x00000000d5580000,0x00000000d5580000,0x00000000e5580000)
  from space 43520K, 99% used [0x00000000e5580000,0x00000000e7ff8300,0x00000000e8000000)
  to   space 43520K, 0% used [0x00000000f8000000,0x00000000f8000000,0x00000000faa80000)
 ParOldGen       total 699392K, used 41348K [0x0000000080000000, 0x00000000aab00000, 0x00000000d5580000)
  object space 699392K, 5% used [0x0000000080000000,0x00000000828612b8,0x00000000aab00000)
 Metaspace       used 20609K, capacity 21156K, committed 21296K, reserved 1067008K
  class space    used 3054K, capacity 3088K, committed 3120K, reserved 1048576K
Event: 8.087 GC heap after
Heap after GC invocations=2 (full 1):
 PSYoungGen      total 305664K, used 0K [0x00000000d5580000, 0x00000000faa80000, 0x0000000100000000)
  eden space 262144K, 0% used [0x00000000d5580000,0x00000000d5580000,0x00000000e5580000)
  from space 43520K, 0% used [0x00000000e5580000,0x00000000e5580000,0x00000000e8000000)
  to   space 43520K, 0% used [0x00000000f8000000,0x00000000f8000000,0x00000000faa80000)
 ParOldGen       total 699392K, used 83904K [0x0000000080000000, 0x00000000aab00000, 0x00000000d5580000)
  object space 699392K, 11% used [0x0000000080000000,0x00000000851f00c0,0x00000000aab00000)
 Metaspace       used 20609K, capacity 21156K, committed 21296K, reserved 1067008K
  class space    used 3054K, capacity 3088K, committed 3120K, reserved 1048576K
}

